2021-08-09 17:33:51.669 [background-preinit] TrackId:[] INFO  org.hibernate.validator.internal.util.Version -HV000001: Hibernate Validator 6.2.0.Final
2021-08-09 17:33:51.687 [main] TrackId:[] INFO  com.dy.DouServiceApplication -Starting DouServiceApplication using Java 1.8.0_212 on LAPTOP-EV7UFB4U with PID 16492 (D:\workspace_rys\dou\dou-service\target\classes started by RYS-89 in D:\workspace_rys\dou)
2021-08-09 17:33:51.688 [main] TrackId:[] INFO  com.dy.DouServiceApplication -The following profiles are active: dev
2021-08-09 17:33:52.659 [main] TrackId:[] INFO  org.springframework.data.repository.config.RepositoryConfigurationDelegate -Bootstrapping Spring Data Elasticsearch repositories in DEFAULT mode.
2021-08-09 17:33:52.671 [main] TrackId:[] INFO  org.springframework.data.repository.config.RepositoryConfigurationDelegate -Finished Spring Data repository scanning in 8 ms. Found 0 Elasticsearch repository interfaces.
2021-08-09 17:33:52.676 [main] TrackId:[] INFO  org.springframework.data.repository.config.RepositoryConfigurationDelegate -Bootstrapping Spring Data Reactive Elasticsearch repositories in DEFAULT mode.
2021-08-09 17:33:52.679 [main] TrackId:[] INFO  org.springframework.data.repository.config.RepositoryConfigurationDelegate -Finished Spring Data repository scanning in 2 ms. Found 0 Reactive Elasticsearch repository interfaces.
2021-08-09 17:33:53.262 [main] TrackId:[] INFO  org.springframework.boot.web.embedded.tomcat.TomcatWebServer -Tomcat initialized with port(s): 8081 (http)
2021-08-09 17:33:53.271 [main] TrackId:[] INFO  org.apache.coyote.http11.Http11NioProtocol -Initializing ProtocolHandler ["http-nio-8081"]
2021-08-09 17:33:53.271 [main] TrackId:[] INFO  org.apache.catalina.core.StandardService -Starting service [Tomcat]
2021-08-09 17:33:53.271 [main] TrackId:[] INFO  org.apache.catalina.core.StandardEngine -Starting Servlet engine: [Apache Tomcat/9.0.50]
2021-08-09 17:33:53.351 [main] TrackId:[] INFO  org.apache.catalina.core.ContainerBase.[Tomcat].[localhost].[/] -Initializing Spring embedded WebApplicationContext
2021-08-09 17:33:53.351 [main] TrackId:[] INFO  org.springframework.boot.web.servlet.context.ServletWebServerApplicationContext -Root WebApplicationContext: initialization completed in 1617 ms
2021-08-09 17:33:53.811 [main] TrackId:[] INFO  com.alibaba.druid.spring.boot.autoconfigure.DruidDataSourceAutoConfigure -Init DruidDataSource
2021-08-09 17:33:53.899 [main] TrackId:[] INFO  com.alibaba.druid.pool.DruidDataSource -{dataSource-1} inited
2021-08-09 17:33:55.636 [main] TrackId:[] INFO  org.springframework.data.elasticsearch.support.VersionInfo -Version Spring Data Elasticsearch: 4.2.3
2021-08-09 17:33:55.637 [main] TrackId:[] INFO  org.springframework.data.elasticsearch.support.VersionInfo -Version Elasticsearch Client in build: 7.12.1
2021-08-09 17:33:55.637 [main] TrackId:[] INFO  org.springframework.data.elasticsearch.support.VersionInfo -Version Elasticsearch Client used: 7.12.1
2021-08-09 17:33:55.694 [main] TrackId:[] INFO  org.springframework.boot.actuate.endpoint.web.EndpointLinksResolver -Exposing 1 endpoint(s) beneath base path '/actuator'
2021-08-09 17:33:55.737 [main] TrackId:[] INFO  org.apache.coyote.http11.Http11NioProtocol -Starting ProtocolHandler ["http-nio-8081"]
2021-08-09 17:33:55.748 [main] TrackId:[] INFO  org.springframework.boot.web.embedded.tomcat.TomcatWebServer -Tomcat started on port(s): 8081 (http) with context path ''
2021-08-09 17:33:55.762 [main] TrackId:[] INFO  com.dy.DouServiceApplication -Started DouServiceApplication in 5.434 seconds (JVM running for 6.904)
2021-08-09 17:33:56.349 [RMI TCP Connection(3)-192.168.154.162] TrackId:[] INFO  org.apache.catalina.core.ContainerBase.[Tomcat].[localhost].[/] -Initializing Spring DispatcherServlet 'dispatcherServlet'
2021-08-09 17:33:56.349 [RMI TCP Connection(3)-192.168.154.162] TrackId:[] INFO  org.springframework.web.servlet.DispatcherServlet -Initializing Servlet 'dispatcherServlet'
2021-08-09 17:33:56.350 [RMI TCP Connection(3)-192.168.154.162] TrackId:[] INFO  org.springframework.web.servlet.DispatcherServlet -Completed initialization in 1 ms
